The target system is: Generic - 3.2.99 - arm
The host system is: Windows - 10.0.22621 - AMD64
Compiling the C compiler identification source file "CMakeCCompilerId.c" succeeded.
Compiler: C:/ncs/toolchains/v2.2.0-rc1/opt/zephyr-sdk/arm-zephyr-eabi/bin/arm-zephyr-eabi-gcc.exe 
Build flags: 
Id flags: -c 

The output was:
0


Compilation of the C compiler identification source "CMakeCCompilerId.c" produced "CMakeCCompilerId.o"

The C compiler identification is GNU, found in "C:/Users/ahmed/Documents/Wizense/nrf_dm/build/CMakeFiles/3.20.5/CompilerIdC/CMakeCCompilerId.o"

Compiling the CXX compiler identification source file "CMakeCXXCompilerId.cpp" succeeded.
Compiler: C:/ncs/toolchains/v2.2.0-rc1/opt/zephyr-sdk/arm-zephyr-eabi/bin/arm-zephyr-eabi-gcc.exe 
Build flags: 
Id flags: -c 

The output was:
0


Compilation of the CXX compiler identification source "CMakeCXXCompilerId.cpp" produced "CMakeCXXCompilerId.o"

The CXX compiler identification is GNU, found in "C:/Users/ahmed/Documents/Wizense/nrf_dm/build/CMakeFiles/3.20.5/CompilerIdCXX/CMakeCXXCompilerId.o"

Checking whether the ASM compiler is GNU using "--version" matched "(GNU assembler)|(GCC)|(Free Software Foundation)":
arm-zephyr-eabi-gcc.exe (Zephyr SDK 0.15.1) 12.1.0
Copyright (C) 2022 Free Software Foundation, Inc.
This is free software; see the source for copying conditions.  There is NO
warranty; not even for MERCHANTABILITY or FITNESS FOR A PARTICULAR PURPOSE.

Performing C SOURCE FILE Test check_C__nostartfiles__nostdlib__isystem__c__ncs_toolchains_v2_2_0_rc1_opt_zephyr_sdk_arm_zephyr_eabi_bin____lib_gcc_arm_zephyr_eabi_12_1_0_include___isystem__c__ncs_toolchains_v2_2_0_rc1_opt_zephyr_sdk_arm_zephyr_eabi_bin____lib_gcc_arm_zephyr_eabi_12_1_0_include_fixed___Wl___unresolved_symbols_ignore_in_object_files__Wl___entry_0__no_pie__mcpu_cortex_m4__mthumb__mabi_aapcs__mfpu_fpv4_sp_d16__mfloat_abi_hard__mfp16_format_ieee succeeded with the following output:
Change Dir: C:/Users/ahmed/Documents/Wizense/nrf_dm/build/CMakeFiles/CMakeTmp

Run Build Command(s):C:/ncs/toolchains/v2.2.0-rc1/opt/bin/ninja.exe cmTC_5a89f && [1/2] Building C object CMakeFiles/cmTC_5a89f.dir/src.c.obj
[2/2] Linking C executable cmTC_5a89f


Source file was:
int main(void) { return 0; }
Performing C SOURCE FILE Test check_fmacro_prefix_map_C__Users_ahmed_Documents_Wizense_nrf_dm_CMAKE_SOURCE_DIR_C__nostartfiles__nostdlib__isystem__c__ncs_toolchains_v2_2_0_rc1_opt_zephyr_sdk_arm_zephyr_eabi_bin____lib_gcc_arm_zephyr_eabi_12_1_0_include___isystem__c__ncs_toolchains_v2_2_0_rc1_opt_zephyr_sdk_arm_zephyr_eabi_bin____lib_gcc_arm_zephyr_eabi_12_1_0_include_fixed___Wl___unresolved_symbols_ignore_in_object_files__Wl___entry_0 succeeded with the following output:
Change Dir: C:/Users/ahmed/Documents/Wizense/nrf_dm/build/CMakeFiles/CMakeTmp

Run Build Command(s):C:/ncs/toolchains/v2.2.0-rc1/opt/bin/ninja.exe cmTC_2f8c9 && [1/2] Building C object CMakeFiles/cmTC_2f8c9.dir/src.c.obj
[2/2] Linking C executable cmTC_2f8c9


Source file was:
int main(void) { return 0; }
